<?xml version="1.0" encoding="UTF-8"?>
<!-- Generated by org.testng.reporters.JUnitXMLReporter -->
<testsuite ignored="0" hostname="HP" failures="1" tests="1" name="Surefire test" time="11.554" errors="0" timestamp="2026-04-27T22:33:05 IST">
  <testcase classname="tests.LoginTest" name="testLogin" time="7.362">
    <failure type="java.lang.AssertionError" message="expected [THANK YOU FOR YOUR ORDER] but found [Thank you for your order!]">
      <![CDATA[java.lang.AssertionError: expected [THANK YOU FOR YOUR ORDER] but found [Thank you for your order!]
at tests.LoginTest.testLogin(LoginTest.java:44)
at java.base/java.util.ArrayList.forEach(ArrayList.java:1511)
... Removed 38 stack frames]]>
    </failure>
  </testcase> <!-- testLogin -->
</testsuite> <!-- Surefire test -->
