<?xml version="1.0" encoding="UTF-8"?>
<!-- Generated by org.testng.reporters.JUnitXMLReporter -->
<testsuite ignored="6" hostname="DESKTOP-5H64A4B" failures="0" tests="4" name="SequentialTests" time="8.664" errors="0" timestamp="2026-05-08T22:27:38 IST">
  <testcase classname="tests.login_test" name="test_LoginPage" time="2.507"/>
  <testcase classname="tests.product_test" name="Add_product" time="0.324"/>
  <testcase classname="tests.checkout_test" name="checkout_product" time="2.187"/>
  <testcase classname="tests.checkoutinfo_test" name="checkout_continue" time="3.542"/>
  <testcase classname="base.basetest" name="@BeforeSuite setup" time="0.0">
    <ignored/>
  </testcase> <!-- @BeforeSuite setup -->
  <testcase classname="base.basetest" name="@AfterSuite close" time="0.0">
    <ignored/>
  </testcase> <!-- @AfterSuite close -->
  <testcase classname="base.basetest" name="@BeforeSuite setup" time="0.0">
    <ignored/>
  </testcase> <!-- @BeforeSuite setup -->
  <testcase classname="base.basetest" name="@AfterSuite close" time="0.0">
    <ignored/>
  </testcase> <!-- @AfterSuite close -->
  <testcase classname="base.basetest" name="@AfterSuite close" time="0.0">
    <ignored/>
  </testcase> <!-- @AfterSuite close -->
  <testcase classname="base.basetest" name="@BeforeSuite setup" time="0.0">
    <ignored/>
  </testcase> <!-- @BeforeSuite setup -->
</testsuite> <!-- SequentialTests -->
