<?xml version="1.0" encoding="UTF-8"?>
<!-- Generated by org.testng.reporters.JUnitXMLReporter -->
<testsuite ignored="0" hostname="Tushar" failures="0" tests="5" name="Default test" time="478.19" errors="0" timestamp="2026-04-17T09:02:58 IST">
  <testcase classname="application1Test.Study_TestNG_Annotation" name="TC1" time="0.249"/>
  <testcase classname="application1Test.Study_TestNG_Annotation" name="TC2" time="0.036"/>
  <testcase classname="application1Test.Study_TestNG_Annotation" name="TC3" time="0.005"/>
  <testcase classname="application1Test.Study_TestNG_Annotation" name="TC4" time="0.09"/>
  <testcase classname="application1Test.Study_TestNG_Annotation" name="TC5" time="0.087"/>
</testsuite> <!-- Default test -->
