<?xml version="1.0" encoding="UTF-8"?>
<testng-results ignored="0" total="1" passed="1" failed="0" skipped="0">
  <reporter-output>
  </reporter-output>
  <suite started-at="2026-05-23T10:25:56 IST" name="Default suite" finished-at="2026-05-23T10:25:58 IST" duration-ms="1811">
    <groups>
    </groups>
    <test started-at="2026-05-23T10:25:56 IST" name="Default test" finished-at="2026-05-23T10:25:58 IST" duration-ms="1811">
      <class name="tests.product_test">
        <test-method is-config="true" signature="setup()[pri:0, instance:tests.product_test@327514f]" started-at="2026-05-23T10:25:46 IST" name="setup" finished-at="2026-05-23T10:25:56 IST" duration-ms="10135" status="PASS">
          <reporter-output>
          </reporter-output>
        </test-method> <!-- setup -->
        <test-method signature="Add_product()[pri:0, instance:tests.product_test@327514f]" started-at="2026-05-23T10:25:56 IST" name="Add_product" finished-at="2026-05-23T10:25:58 IST" duration-ms="1514" status="PASS">
          <reporter-output>
          </reporter-output>
        </test-method> <!-- Add_product -->
        <test-method is-config="true" signature="close()[pri:0, instance:tests.product_test@327514f]" started-at="2026-05-23T10:25:58 IST" name="close" finished-at="2026-05-23T10:25:58 IST" duration-ms="17" status="PASS">
          <reporter-output>
          </reporter-output>
        </test-method> <!-- close -->
      </class> <!-- tests.product_test -->
    </test> <!-- Default test -->
  </suite> <!-- Default suite -->
</testng-results>
