<?xml version="1.0" encoding="UTF-8"?>
<!-- Generated by org.testng.reporters.JUnitReportReporter -->
<testsuite hostname="Tushar" failures="0" tests="3" name="application1Test.Study_TestNG_Annotation2" time="0.081" errors="0" timestamp="2026-05-09T09:46:11 IST" skipped="0">
  <testcase classname="application1Test.Study_TestNG_Annotation2" name="TC1" time="0.038"/>
  <testcase classname="application1Test.Study_TestNG_Annotation2" name="TC2" time="0.008"/>
  <testcase classname="application1Test.Study_TestNG_Annotation2" name="TC5" time="0.035"/>
</testsuite> <!-- application1Test.Study_TestNG_Annotation2 -->
