<?xml version="1.0" encoding="UTF-8"?>
<!-- Generated by org.testng.reporters.JUnitReportReporter -->
<testsuite hostname="Tushar" failures="0" tests="5" name="application1Test.TestNG_Demo" time="15.583" errors="0" timestamp="2026-04-16T08:44:07 IST" skipped="0">
  <testcase classname="application1Test.TestNG_Demo" name="TC2" time="0.019">
    <system-out>
      <![CDATA[hi Good morning]]>
    </system-out>
  </testcase> <!-- TC2 -->
  <testcase classname="application1Test.TestNG_Demo" name="m1" time="0.010">
    <system-out>
      <![CDATA[Hi this is m1 method]]>
    </system-out>
  </testcase> <!-- m1 -->
  <testcase classname="application1Test.TestNG_Demo" name="TC1" time="15.541"/>
  <testcase classname="application1Test.TestNG_Demo" name="m2" time="0.008">
    <system-out>
      <![CDATA[Hello this is m2 and its pass]]>
    </system-out>
  </testcase> <!-- m2 -->
  <testcase classname="application1Test.TestNG_Demo" name="TC3" time="0.005"/>
  <system-out>
    <![CDATA[hi Good morning
Hi this is m1 method
Hello this is m2 and its pass]]>
  </system-out>
</testsuite> <!-- application1Test.TestNG_Demo -->
