<?xml version="1.0" encoding="UTF-8"?>
<!-- Generated by org.testng.reporters.JUnitReportReporter -->
<testsuite hostname="Tushar" failures="0" tests="5" name="application1Test.Study_TestNG_Annotation" time="336.599" errors="0" timestamp="2026-04-17T09:02:59 IST" skipped="0">
  <testcase classname="application1Test.Study_TestNG_Annotation" name="TC1" time="1.271"/>
  <testcase classname="application1Test.Study_TestNG_Annotation" name="TC5" time="1.394"/>
  <testcase classname="application1Test.Study_TestNG_Annotation" name="TC4" time="180.438"/>
  <testcase classname="application1Test.Study_TestNG_Annotation" name="TC2" time="1.288"/>
  <testcase classname="application1Test.Study_TestNG_Annotation" name="TC3" time="152.208"/>
</testsuite> <!-- application1Test.Study_TestNG_Annotation -->
