<?xml version="1.0" encoding="UTF-8"?>
<!-- Generated by org.testng.reporters.JUnitReportReporter -->
<testsuite hostname="Tushar" failures="0" tests="5" name="application1Test.TestNG_Demo" time="58.394" errors="0" timestamp="2026-05-12T09:40:09 IST" skipped="0">
  <testcase classname="application1Test.TestNG_Demo" name="TC1" time="11.123"/>
  <testcase classname="application1Test.TestNG_Demo" name="TC1" time="11.501"/>
  <testcase classname="application1Test.TestNG_Demo" name="TC1" time="9.678"/>
  <testcase classname="application1Test.TestNG_Demo" name="TC1" time="14.807"/>
  <testcase classname="application1Test.TestNG_Demo" name="TC1" time="11.285"/>
</testsuite> <!-- application1Test.TestNG_Demo -->
