<?xml version="1.0" encoding="UTF-8"?>
<!-- Generated by org.testng.reporters.JUnitXMLReporter -->
<testsuite ignored="4" hostname="Tushar" failures="0" tests="1" name="Parallel test1" time="18.416" errors="0" timestamp="2026-05-12T09:17:52 IST">
  <testcase classname="application1Test.TestNG_Demo" name="TC1" time="18.091"/>
  <testcase classname="application1Test.TestNG_Demo" name="m1" time="0.0">
    <ignored/>
  </testcase> <!-- m1 -->
  <testcase classname="application1Test.TestNG_Demo" name="m2" time="0.0">
    <ignored/>
  </testcase> <!-- m2 -->
  <testcase classname="application1Test.TestNG_Demo" name="TC2" time="0.0">
    <ignored/>
  </testcase> <!-- TC2 -->
  <testcase classname="application1Test.TestNG_Demo" name="TC3" time="0.0">
    <ignored/>
  </testcase> <!-- TC3 -->
</testsuite> <!-- Parallel test1 -->
