<?xml version="1.0" encoding="UTF-8"?>
<!-- Generated by org.testng.reporters.JUnitXMLReporter -->
<testsuite ignored="12" hostname="Tushar" failures="0" tests="3" name="SanitySuite" time="0.314" errors="0" timestamp="2026-05-09T09:46:09 IST">
  <testcase classname="application1Test.Study_TestNG_Annotation2" name="TC1" time="0.038"/>
  <testcase classname="application1Test.Study_TestNG_Annotation2" name="TC2" time="0.008"/>
  <testcase classname="application1Test.Study_TestNG_Annotation2" name="TC5" time="0.035"/>
  <testcase classname="application1Test.TestNG_Demo" name="TC1" time="0.0">
    <ignored/>
  </testcase> <!-- TC1 -->
  <testcase classname="application1Test.Study_TestNG_Annotation" name="TC4" time="0.0">
    <ignored/>
  </testcase> <!-- TC4 -->
  <testcase classname="application1Test.TestNG_Demo" name="m1" time="0.0">
    <ignored/>
  </testcase> <!-- m1 -->
  <testcase classname="application1Test.TestNG_Demo" name="m2" time="0.0">
    <ignored/>
  </testcase> <!-- m2 -->
  <testcase classname="application1Test.Study_TestNG_Annotation" name="TC5" time="0.0">
    <ignored/>
  </testcase> <!-- TC5 -->
  <testcase classname="application1Test.Study_TestNG_Annotation2" name="TC4" time="0.0">
    <ignored/>
  </testcase> <!-- TC4 -->
  <testcase classname="application1Test.Study_TestNG_Annotation" name="TC3" time="0.0">
    <ignored/>
  </testcase> <!-- TC3 -->
  <testcase classname="application1Test.TestNG_Demo" name="TC2" time="0.0">
    <ignored/>
  </testcase> <!-- TC2 -->
  <testcase classname="application1Test.Study_TestNG_Annotation" name="TC1" time="0.0">
    <ignored/>
  </testcase> <!-- TC1 -->
  <testcase classname="application1Test.Study_TestNG_Annotation2" name="TC3" time="0.0">
    <ignored/>
  </testcase> <!-- TC3 -->
  <testcase classname="application1Test.Study_TestNG_Annotation" name="TC2" time="0.0">
    <ignored/>
  </testcase> <!-- TC2 -->
  <testcase classname="application1Test.TestNG_Demo" name="TC3" time="0.0">
    <ignored/>
  </testcase> <!-- TC3 -->
</testsuite> <!-- SanitySuite -->
