<?xml version="1.0" encoding="UTF-8"?>
<!-- Generated by org.testng.reporters.JUnitXMLReporter -->
<testsuite ignored="0" hostname="Tushar" failures="0" tests="10" name="Sanity" time="39.017" errors="0" timestamp="2026-05-09T09:36:42 IST">
  <testcase classname="application1Test.Study_TestNG_Annotation2" name="TC1" time="0.051"/>
  <testcase classname="application1Test.Study_TestNG_Annotation2" name="TC2" time="0.007"/>
  <testcase classname="application1Test.Study_TestNG_Annotation2" name="TC3" time="0.023"/>
  <testcase classname="application1Test.Study_TestNG_Annotation2" name="TC4" time="0.025"/>
  <testcase classname="application1Test.Study_TestNG_Annotation2" name="TC5" time="0.051"/>
  <testcase classname="application1Test.TestNG_Demo" name="TC1" time="37.779"/>
  <testcase classname="application1Test.TestNG_Demo" name="TC2" time="0.05"/>
  <testcase classname="application1Test.TestNG_Demo" name="TC3" time="0.015"/>
  <testcase classname="application1Test.TestNG_Demo" name="m1" time="0.007"/>
  <testcase classname="application1Test.TestNG_Demo" name="m2" time="0.007"/>
</testsuite> <!-- Sanity -->
