<?xml version="1.0" encoding="UTF-8"?>
<!-- Generated by org.testng.reporters.JUnitXMLReporter -->
<testsuite ignored="4" hostname="Tushar" failures="0" tests="5" name="Serail test1" time="58.583" errors="0" timestamp="2026-05-12T09:40:08 IST">
  <testcase classname="application1Test.TestNG_Demo" name="TC1" time="14.807"/>
  <testcase classname="application1Test.TestNG_Demo" name="TC1" time="11.123"/>
  <testcase classname="application1Test.TestNG_Demo" name="TC1" time="11.501"/>
  <testcase classname="application1Test.TestNG_Demo" name="TC1" time="11.285"/>
  <testcase classname="application1Test.TestNG_Demo" name="TC1" time="9.678"/>
  <testcase classname="application1Test.TestNG_Demo" name="m1" time="0.0">
    <ignored/>
  </testcase> <!-- m1 -->
  <testcase classname="application1Test.TestNG_Demo" name="m2" time="0.0">
    <ignored/>
  </testcase> <!-- m2 -->
  <testcase classname="application1Test.TestNG_Demo" name="TC2" time="0.0">
    <ignored/>
  </testcase> <!-- TC2 -->
  <testcase classname="application1Test.TestNG_Demo" name="TC3" time="0.0">
    <ignored/>
  </testcase> <!-- TC3 -->
</testsuite> <!-- Serail test1 -->
