<?xml version="1.0" encoding="UTF-8"?>
<testng-results ignored="0" total="5" passed="5" failed="0" skipped="0">
  <reporter-output>
  </reporter-output>
  <suite started-at="2026-05-12T09:39:09 IST" name="MySuite" finished-at="2026-05-12T09:40:08 IST" duration-ms="58583">
    <groups>
    </groups>
    <test started-at="2026-05-12T09:39:09 IST" name="Serail test1" finished-at="2026-05-12T09:40:08 IST" duration-ms="58583">
      <class name="application1Test.TestNG_Demo">
        <test-method signature="TC1()[pri:0, instance:application1Test.TestNG_Demo@5fe94a96]" started-at="2026-05-12T09:39:09 IST" name="TC1" finished-at="2026-05-12T09:39:24 IST" duration-ms="14807" status="PASS">
          <reporter-output>
          </reporter-output>
        </test-method> <!-- TC1 -->
        <test-method signature="TC1()[pri:0, instance:application1Test.TestNG_Demo@5fe94a96]" started-at="2026-05-12T09:39:24 IST" name="TC1" finished-at="2026-05-12T09:39:35 IST" duration-ms="11123" status="PASS">
          <reporter-output>
          </reporter-output>
        </test-method> <!-- TC1 -->
        <test-method signature="TC1()[pri:0, instance:application1Test.TestNG_Demo@5fe94a96]" started-at="2026-05-12T09:39:35 IST" name="TC1" finished-at="2026-05-12T09:39:47 IST" duration-ms="11501" status="PASS">
          <reporter-output>
          </reporter-output>
        </test-method> <!-- TC1 -->
        <test-method signature="TC1()[pri:0, instance:application1Test.TestNG_Demo@5fe94a96]" started-at="2026-05-12T09:39:47 IST" name="TC1" finished-at="2026-05-12T09:39:58 IST" duration-ms="11285" status="PASS">
          <reporter-output>
          </reporter-output>
        </test-method> <!-- TC1 -->
        <test-method signature="TC1()[pri:0, instance:application1Test.TestNG_Demo@5fe94a96]" started-at="2026-05-12T09:39:58 IST" name="TC1" finished-at="2026-05-12T09:40:08 IST" duration-ms="9678" status="PASS">
          <reporter-output>
          </reporter-output>
        </test-method> <!-- TC1 -->
      </class> <!-- application1Test.TestNG_Demo -->
    </test> <!-- Serail test1 -->
  </suite> <!-- MySuite -->
</testng-results>
