<?xml version="1.0" encoding="UTF-8"?>
<testng-results ignored="0" total="5" passed="5" failed="0" skipped="0">
  <reporter-output>
  </reporter-output>
  <suite started-at="2026-04-17T08:55:00 IST" name="Default suite" finished-at="2026-04-17T09:02:58 IST" duration-ms="478190">
    <groups>
    </groups>
    <test started-at="2026-04-17T08:55:00 IST" name="Default test" finished-at="2026-04-17T09:02:58 IST" duration-ms="478190">
      <class name="application1Test.Study_TestNG_Annotation">
        <test-method is-config="true" signature="beforeSuite()[pri:0, instance:application1Test.Study_TestNG_Annotation@194fad1]" started-at="2026-04-17T08:53:59 IST" name="beforeSuite" finished-at="2026-04-17T08:55:00 IST" duration-ms="61043" status="PASS">
          <reporter-output>
          </reporter-output>
        </test-method> <!-- beforeSuite -->
        <test-method is-config="true" signature="beforeTest()[pri:0, instance:application1Test.Study_TestNG_Annotation@194fad1]" started-at="2026-04-17T08:55:00 IST" name="beforeTest" finished-at="2026-04-17T08:56:13 IST" duration-ms="73089" status="PASS">
          <reporter-output>
          </reporter-output>
        </test-method> <!-- beforeTest -->
        <test-method is-config="true" signature="beforeClass()[pri:0, instance:application1Test.Study_TestNG_Annotation@194fad1]" started-at="2026-04-17T08:56:14 IST" name="beforeClass" finished-at="2026-04-17T08:57:21 IST" duration-ms="67100" status="PASS">
          <reporter-output>
          </reporter-output>
        </test-method> <!-- beforeClass -->
        <test-method is-config="true" signature="beforeMethod()[pri:0, instance:application1Test.Study_TestNG_Annotation@194fad1]" started-at="2026-04-17T08:57:21 IST" name="beforeMethod" finished-at="2026-04-17T08:59:53 IST" duration-ms="152202" status="PASS">
          <reporter-output>
          </reporter-output>
        </test-method> <!-- beforeMethod -->
        <test-method signature="TC1()[pri:0, instance:application1Test.Study_TestNG_Annotation@194fad1]" started-at="2026-04-17T08:59:53 IST" name="TC1" finished-at="2026-04-17T08:59:53 IST" duration-ms="249" status="PASS">
          <reporter-output>
          </reporter-output>
        </test-method> <!-- TC1 -->
        <test-method is-config="true" signature="afterMethod()[pri:0, instance:application1Test.Study_TestNG_Annotation@194fad1]" started-at="2026-04-17T08:59:53 IST" name="afterMethod" finished-at="2026-04-17T08:59:53 IST" duration-ms="7" status="PASS">
          <reporter-output>
          </reporter-output>
        </test-method> <!-- afterMethod -->
        <test-method is-config="true" signature="beforeMethod()[pri:0, instance:application1Test.Study_TestNG_Annotation@194fad1]" started-at="2026-04-17T08:59:53 IST" name="beforeMethod" finished-at="2026-04-17T09:02:54 IST" duration-ms="180346" status="PASS">
          <reporter-output>
          </reporter-output>
        </test-method> <!-- beforeMethod -->
        <test-method signature="TC2()[pri:0, instance:application1Test.Study_TestNG_Annotation@194fad1]" started-at="2026-04-17T09:02:54 IST" name="TC2" finished-at="2026-04-17T09:02:54 IST" duration-ms="36" status="PASS">
          <reporter-output>
          </reporter-output>
        </test-method> <!-- TC2 -->
        <test-method is-config="true" signature="afterMethod()[pri:0, instance:application1Test.Study_TestNG_Annotation@194fad1]" started-at="2026-04-17T09:02:54 IST" name="afterMethod" finished-at="2026-04-17T09:02:54 IST" duration-ms="2" status="PASS">
          <reporter-output>
          </reporter-output>
        </test-method> <!-- afterMethod -->
        <test-method is-config="true" signature="beforeMethod()[pri:0, instance:application1Test.Study_TestNG_Annotation@194fad1]" started-at="2026-04-17T09:02:54 IST" name="beforeMethod" finished-at="2026-04-17T09:02:55 IST" duration-ms="1021" status="PASS">
          <reporter-output>
          </reporter-output>
        </test-method> <!-- beforeMethod -->
        <test-method signature="TC3()[pri:0, instance:application1Test.Study_TestNG_Annotation@194fad1]" started-at="2026-04-17T09:02:55 IST" name="TC3" finished-at="2026-04-17T09:02:55 IST" duration-ms="5" status="PASS">
          <reporter-output>
          </reporter-output>
        </test-method> <!-- TC3 -->
        <test-method is-config="true" signature="afterMethod()[pri:0, instance:application1Test.Study_TestNG_Annotation@194fad1]" started-at="2026-04-17T09:02:55 IST" name="afterMethod" finished-at="2026-04-17T09:02:55 IST" duration-ms="3" status="PASS">
          <reporter-output>
          </reporter-output>
        </test-method> <!-- afterMethod -->
        <test-method is-config="true" signature="beforeMethod()[pri:0, instance:application1Test.Study_TestNG_Annotation@194fad1]" started-at="2026-04-17T09:02:55 IST" name="beforeMethod" finished-at="2026-04-17T09:02:56 IST" duration-ms="1300" status="PASS">
          <reporter-output>
          </reporter-output>
        </test-method> <!-- beforeMethod -->
        <test-method signature="TC4()[pri:0, instance:application1Test.Study_TestNG_Annotation@194fad1]" started-at="2026-04-17T09:02:56 IST" name="TC4" finished-at="2026-04-17T09:02:56 IST" duration-ms="90" status="PASS">
          <reporter-output>
          </reporter-output>
        </test-method> <!-- TC4 -->
        <test-method is-config="true" signature="afterMethod()[pri:0, instance:application1Test.Study_TestNG_Annotation@194fad1]" started-at="2026-04-17T09:02:56 IST" name="afterMethod" finished-at="2026-04-17T09:02:56 IST" duration-ms="1" status="PASS">
          <reporter-output>
          </reporter-output>
        </test-method> <!-- afterMethod -->
        <test-method is-config="true" signature="beforeMethod()[pri:0, instance:application1Test.Study_TestNG_Annotation@194fad1]" started-at="2026-04-17T09:02:56 IST" name="beforeMethod" finished-at="2026-04-17T09:02:57 IST" duration-ms="1249" status="PASS">
          <reporter-output>
          </reporter-output>
        </test-method> <!-- beforeMethod -->
        <test-method signature="TC5()[pri:0, instance:application1Test.Study_TestNG_Annotation@194fad1]" started-at="2026-04-17T09:02:58 IST" name="TC5" finished-at="2026-04-17T09:02:58 IST" duration-ms="87" status="PASS">
          <reporter-output>
          </reporter-output>
        </test-method> <!-- TC5 -->
        <test-method is-config="true" signature="afterMethod()[pri:0, instance:application1Test.Study_TestNG_Annotation@194fad1]" started-at="2026-04-17T09:02:58 IST" name="afterMethod" finished-at="2026-04-17T09:02:58 IST" duration-ms="1" status="PASS">
          <reporter-output>
          </reporter-output>
        </test-method> <!-- afterMethod -->
        <test-method is-config="true" signature="afterClass()[pri:0, instance:application1Test.Study_TestNG_Annotation@194fad1]" started-at="2026-04-17T09:02:58 IST" name="afterClass" finished-at="2026-04-17T09:02:58 IST" duration-ms="34" status="PASS">
          <reporter-output>
          </reporter-output>
        </test-method> <!-- afterClass -->
        <test-method is-config="true" signature="afterTest()[pri:0, instance:application1Test.Study_TestNG_Annotation@194fad1]" started-at="2026-04-17T09:02:58 IST" name="afterTest" finished-at="2026-04-17T09:02:58 IST" duration-ms="1" status="PASS">
          <reporter-output>
          </reporter-output>
        </test-method> <!-- afterTest -->
        <test-method is-config="true" signature="afterSuite()[pri:0, instance:application1Test.Study_TestNG_Annotation@194fad1]" started-at="2026-04-17T09:02:59 IST" name="afterSuite" finished-at="2026-04-17T09:02:59 IST" duration-ms="1" status="PASS">
          <reporter-output>
          </reporter-output>
        </test-method> <!-- afterSuite -->
      </class> <!-- application1Test.Study_TestNG_Annotation -->
    </test> <!-- Default test -->
  </suite> <!-- Default suite -->
</testng-results>
